CRITICAL - 2026-04-18 06:12:57 --> CodeIgniter\View\Exceptions\ViewException: Invalid file: "pages/about.php"
[Method: GET, Route: about]
in SYSTEMPATH\Exceptions\FrameworkException.php on line 39.
 1 SYSTEMPATH\View\View.php(228): CodeIgniter\Exceptions\FrameworkException::forInvalidFile('pages/about.php')
 2 SYSTEMPATH\Common.php(1250): CodeIgniter\View\View->render('pages/about', [], true)
 3 APPPATH\Controllers\Home.php(19): view('pages/about', [...])
 4 SYSTEMPATH\CodeIgniter.php(951): App\Controllers\Home->about()
 5 SYSTEMPATH\CodeIgniter.php(497): CodeIgniter\CodeIgniter->runController(Object(App\Controllers\Home))
 6 SYSTEMPATH\CodeIgniter.php(340): CodeIgniter\CodeIgniter->handleRequest(null, Object(Config\Cache), false)
 7 SYSTEMPATH\Boot.php(417): CodeIgniter\CodeIgniter->run()
 8 SYSTEMPATH\Boot.php(68): CodeIgniter\Boot::runCodeIgniter(Object(CodeIgniter\CodeIgniter))
 9 FCPATH\index.php(59): CodeIgniter\Boot::bootWeb(Object(Config\Paths))
10 SYSTEMPATH\rewrite.php(44): require_once('E:\\FrontEndTest\\public\\index.php')
CRITICAL - 2026-04-18 07:48:23 --> ErrorException: file_get_contents(E:\FrontEndTest\public\assets/json/products.json): Failed to open stream: No such file or directory
[Method: GET, Route: /]
in APPPATH\Controllers\Home.php on line 11.
 1 [internal function]: CodeIgniter\Debug\Exceptions->errorHandler(2, 'file_get_contents(E:\\FrontEndTest\\public\\assets/json/products.json): Failed to open stream: No such file or directory', 'E:\\FrontEndTest\\app\\Controllers\\Home.php', 11)
 2 APPPATH\Controllers\Home.php(11): file_get_contents('E:\\FrontEndTest\\public\\assets/json/products.json')
 3 SYSTEMPATH\CodeIgniter.php(951): App\Controllers\Home->index()
 4 SYSTEMPATH\CodeIgniter.php(497): CodeIgniter\CodeIgniter->runController(Object(App\Controllers\Home))
 5 SYSTEMPATH\CodeIgniter.php(340): CodeIgniter\CodeIgniter->handleRequest(null, Object(Config\Cache), false)
 6 SYSTEMPATH\Boot.php(417): CodeIgniter\CodeIgniter->run()
 7 SYSTEMPATH\Boot.php(68): CodeIgniter\Boot::runCodeIgniter(Object(CodeIgniter\CodeIgniter))
 8 FCPATH\index.php(59): CodeIgniter\Boot::bootWeb(Object(Config\Paths))
 9 SYSTEMPATH\rewrite.php(44): require_once('E:\\FrontEndTest\\public\\index.php')
CRITICAL - 2026-04-18 07:48:25 --> ErrorException: file_get_contents(E:\FrontEndTest\public\assets/json/products.json): Failed to open stream: No such file or directory
[Method: GET, Route: /]
in APPPATH\Controllers\Home.php on line 11.
 1 [internal function]: CodeIgniter\Debug\Exceptions->errorHandler(2, 'file_get_contents(E:\\FrontEndTest\\public\\assets/json/products.json): Failed to open stream: No such file or directory', 'E:\\FrontEndTest\\app\\Controllers\\Home.php', 11)
 2 APPPATH\Controllers\Home.php(11): file_get_contents('E:\\FrontEndTest\\public\\assets/json/products.json')
 3 SYSTEMPATH\CodeIgniter.php(951): App\Controllers\Home->index()
 4 SYSTEMPATH\CodeIgniter.php(497): CodeIgniter\CodeIgniter->runController(Object(App\Controllers\Home))
 5 SYSTEMPATH\CodeIgniter.php(340): CodeIgniter\CodeIgniter->handleRequest(null, Object(Config\Cache), false)
 6 SYSTEMPATH\Boot.php(417): CodeIgniter\CodeIgniter->run()
 7 SYSTEMPATH\Boot.php(68): CodeIgniter\Boot::runCodeIgniter(Object(CodeIgniter\CodeIgniter))
 8 FCPATH\index.php(59): CodeIgniter\Boot::bootWeb(Object(Config\Paths))
 9 SYSTEMPATH\rewrite.php(44): require_once('E:\\FrontEndTest\\public\\index.php')
CRITICAL - 2026-04-18 07:48:27 --> ErrorException: file_get_contents(E:\FrontEndTest\public\assets/json/products.json): Failed to open stream: No such file or directory
[Method: GET, Route: /]
in APPPATH\Controllers\Home.php on line 11.
 1 [internal function]: CodeIgniter\Debug\Exceptions->errorHandler(2, 'file_get_contents(E:\\FrontEndTest\\public\\assets/json/products.json): Failed to open stream: No such file or directory', 'E:\\FrontEndTest\\app\\Controllers\\Home.php', 11)
 2 APPPATH\Controllers\Home.php(11): file_get_contents('E:\\FrontEndTest\\public\\assets/json/products.json')
 3 SYSTEMPATH\CodeIgniter.php(951): App\Controllers\Home->index()
 4 SYSTEMPATH\CodeIgniter.php(497): CodeIgniter\CodeIgniter->runController(Object(App\Controllers\Home))
 5 SYSTEMPATH\CodeIgniter.php(340): CodeIgniter\CodeIgniter->handleRequest(null, Object(Config\Cache), false)
 6 SYSTEMPATH\Boot.php(417): CodeIgniter\CodeIgniter->run()
 7 SYSTEMPATH\Boot.php(68): CodeIgniter\Boot::runCodeIgniter(Object(CodeIgniter\CodeIgniter))
 8 FCPATH\index.php(59): CodeIgniter\Boot::bootWeb(Object(Config\Paths))
 9 SYSTEMPATH\rewrite.php(44): require_once('E:\\FrontEndTest\\public\\index.php')
CRITICAL - 2026-04-18 07:48:28 --> ErrorException: file_get_contents(E:\FrontEndTest\public\assets/json/products.json): Failed to open stream: No such file or directory
[Method: GET, Route: /]
in APPPATH\Controllers\Home.php on line 11.
 1 [internal function]: CodeIgniter\Debug\Exceptions->errorHandler(2, 'file_get_contents(E:\\FrontEndTest\\public\\assets/json/products.json): Failed to open stream: No such file or directory', 'E:\\FrontEndTest\\app\\Controllers\\Home.php', 11)
 2 APPPATH\Controllers\Home.php(11): file_get_contents('E:\\FrontEndTest\\public\\assets/json/products.json')
 3 SYSTEMPATH\CodeIgniter.php(951): App\Controllers\Home->index()
 4 SYSTEMPATH\CodeIgniter.php(497): CodeIgniter\CodeIgniter->runController(Object(App\Controllers\Home))
 5 SYSTEMPATH\CodeIgniter.php(340): CodeIgniter\CodeIgniter->handleRequest(null, Object(Config\Cache), false)
 6 SYSTEMPATH\Boot.php(417): CodeIgniter\CodeIgniter->run()
 7 SYSTEMPATH\Boot.php(68): CodeIgniter\Boot::runCodeIgniter(Object(CodeIgniter\CodeIgniter))
 8 FCPATH\index.php(59): CodeIgniter\Boot::bootWeb(Object(Config\Paths))
 9 SYSTEMPATH\rewrite.php(44): require_once('E:\\FrontEndTest\\public\\index.php')
CRITICAL - 2026-04-18 07:48:45 --> ErrorException: file_get_contents(E:\FrontEndTest\public\assets/json/products.json): Failed to open stream: No such file or directory
[Method: GET, Route: /]
in APPPATH\Controllers\Home.php on line 11.
 1 [internal function]: CodeIgniter\Debug\Exceptions->errorHandler(2, 'file_get_contents(E:\\FrontEndTest\\public\\assets/json/products.json): Failed to open stream: No such file or directory', 'E:\\FrontEndTest\\app\\Controllers\\Home.php', 11)
 2 APPPATH\Controllers\Home.php(11): file_get_contents('E:\\FrontEndTest\\public\\assets/json/products.json')
 3 SYSTEMPATH\CodeIgniter.php(951): App\Controllers\Home->index()
 4 SYSTEMPATH\CodeIgniter.php(497): CodeIgniter\CodeIgniter->runController(Object(App\Controllers\Home))
 5 SYSTEMPATH\CodeIgniter.php(340): CodeIgniter\CodeIgniter->handleRequest(null, Object(Config\Cache), false)
 6 SYSTEMPATH\Boot.php(417): CodeIgniter\CodeIgniter->run()
 7 SYSTEMPATH\Boot.php(68): CodeIgniter\Boot::runCodeIgniter(Object(CodeIgniter\CodeIgniter))
 8 FCPATH\index.php(59): CodeIgniter\Boot::bootWeb(Object(Config\Paths))
 9 SYSTEMPATH\rewrite.php(44): require_once('E:\\FrontEndTest\\public\\index.php')
CRITICAL - 2026-04-18 07:49:47 --> ErrorException: file_get_contents(E:\FrontEndTest\public\assets/json/products.json): Failed to open stream: No such file or directory
[Method: GET, Route: /]
in APPPATH\Controllers\Home.php on line 11.
 1 [internal function]: CodeIgniter\Debug\Exceptions->errorHandler(2, 'file_get_contents(E:\\FrontEndTest\\public\\assets/json/products.json): Failed to open stream: No such file or directory', 'E:\\FrontEndTest\\app\\Controllers\\Home.php', 11)
 2 APPPATH\Controllers\Home.php(11): file_get_contents('E:\\FrontEndTest\\public\\assets/json/products.json')
 3 SYSTEMPATH\CodeIgniter.php(951): App\Controllers\Home->index()
 4 SYSTEMPATH\CodeIgniter.php(497): CodeIgniter\CodeIgniter->runController(Object(App\Controllers\Home))
 5 SYSTEMPATH\CodeIgniter.php(340): CodeIgniter\CodeIgniter->handleRequest(null, Object(Config\Cache), false)
 6 SYSTEMPATH\Boot.php(417): CodeIgniter\CodeIgniter->run()
 7 SYSTEMPATH\Boot.php(68): CodeIgniter\Boot::runCodeIgniter(Object(CodeIgniter\CodeIgniter))
 8 FCPATH\index.php(59): CodeIgniter\Boot::bootWeb(Object(Config\Paths))
 9 SYSTEMPATH\rewrite.php(44): require_once('E:\\FrontEndTest\\public\\index.php')
CRITICAL - 2026-04-18 07:52:45 --> CodeIgniter\View\Exceptions\ViewException: Invalid file: "pages/about.php"
[Method: GET, Route: about]
in SYSTEMPATH\Exceptions\FrameworkException.php on line 39.
 1 SYSTEMPATH\View\View.php(228): CodeIgniter\Exceptions\FrameworkException::forInvalidFile('pages/about.php')
 2 SYSTEMPATH\Common.php(1250): CodeIgniter\View\View->render('pages/about', [], true)
 3 APPPATH\Controllers\Home.php(19): view('pages/about', [...])
 4 SYSTEMPATH\CodeIgniter.php(951): App\Controllers\Home->about()
 5 SYSTEMPATH\CodeIgniter.php(497): CodeIgniter\CodeIgniter->runController(Object(App\Controllers\Home))
 6 SYSTEMPATH\CodeIgniter.php(340): CodeIgniter\CodeIgniter->handleRequest(null, Object(Config\Cache), false)
 7 SYSTEMPATH\Boot.php(417): CodeIgniter\CodeIgniter->run()
 8 SYSTEMPATH\Boot.php(68): CodeIgniter\Boot::runCodeIgniter(Object(CodeIgniter\CodeIgniter))
 9 FCPATH\index.php(59): CodeIgniter\Boot::bootWeb(Object(Config\Paths))
10 SYSTEMPATH\rewrite.php(44): require_once('E:\\FrontEndTest\\public\\index.php')
CRITICAL - 2026-04-18 07:55:27 --> ErrorException: Undefined array key "brand"
[Method: GET, Route: /]
in APPPATH\Views\components\navbar.php on line 4.
 1 APPPATH\Views\components\navbar.php(4): CodeIgniter\Debug\Exceptions->errorHandler(2, 'Undefined array key "brand"', 'E:\\FrontEndTest\\app\\Views\\components\\navbar.php', 4)
 2 SYSTEMPATH\View\View.php(240): include('E:\\FrontEndTest\\app\\Views\\components\\navbar.php')
 3 SYSTEMPATH\View\View.php(243): CodeIgniter\View\View->{closure:CodeIgniter\View\View::render():237}()
 4 SYSTEMPATH\View\View.php(489): CodeIgniter\View\View->render('components/navbar', null, true)
 5 APPPATH\Views\layouts\main.php(17): CodeIgniter\View\View->include('components/navbar')
 6 SYSTEMPATH\View\View.php(240): include('E:\\FrontEndTest\\app\\Views\\layouts\\main.php')
 7 SYSTEMPATH\View\View.php(243): CodeIgniter\View\View->{closure:CodeIgniter\View\View::render():237}()
 8 SYSTEMPATH\Common.php(1250): CodeIgniter\View\View->render('layouts/main', [], true)
 9 APPPATH\Controllers\Home.php(13): view('layouts/main', [...])
10 SYSTEMPATH\CodeIgniter.php(951): App\Controllers\Home->index()
11 SYSTEMPATH\CodeIgniter.php(497): CodeIgniter\CodeIgniter->runController(Object(App\Controllers\Home))
12 SYSTEMPATH\CodeIgniter.php(340): CodeIgniter\CodeIgniter->handleRequest(null, Object(Config\Cache), false)
13 SYSTEMPATH\Boot.php(417): CodeIgniter\CodeIgniter->run()
14 SYSTEMPATH\Boot.php(68): CodeIgniter\Boot::runCodeIgniter(Object(CodeIgniter\CodeIgniter))
15 FCPATH\index.php(59): CodeIgniter\Boot::bootWeb(Object(Config\Paths))
16 SYSTEMPATH\rewrite.php(44): require_once('E:\\FrontEndTest\\public\\index.php')
CRITICAL - 2026-04-18 07:55:28 --> ErrorException: Undefined array key "brand"
[Method: GET, Route: /]
in APPPATH\Views\components\navbar.php on line 4.
 1 APPPATH\Views\components\navbar.php(4): CodeIgniter\Debug\Exceptions->errorHandler(2, 'Undefined array key "brand"', 'E:\\FrontEndTest\\app\\Views\\components\\navbar.php', 4)
 2 SYSTEMPATH\View\View.php(240): include('E:\\FrontEndTest\\app\\Views\\components\\navbar.php')
 3 SYSTEMPATH\View\View.php(243): CodeIgniter\View\View->{closure:CodeIgniter\View\View::render():237}()
 4 SYSTEMPATH\View\View.php(489): CodeIgniter\View\View->render('components/navbar', null, true)
 5 APPPATH\Views\layouts\main.php(17): CodeIgniter\View\View->include('components/navbar')
 6 SYSTEMPATH\View\View.php(240): include('E:\\FrontEndTest\\app\\Views\\layouts\\main.php')
 7 SYSTEMPATH\View\View.php(243): CodeIgniter\View\View->{closure:CodeIgniter\View\View::render():237}()
 8 SYSTEMPATH\Common.php(1250): CodeIgniter\View\View->render('layouts/main', [], true)
 9 APPPATH\Controllers\Home.php(13): view('layouts/main', [...])
10 SYSTEMPATH\CodeIgniter.php(951): App\Controllers\Home->index()
11 SYSTEMPATH\CodeIgniter.php(497): CodeIgniter\CodeIgniter->runController(Object(App\Controllers\Home))
12 SYSTEMPATH\CodeIgniter.php(340): CodeIgniter\CodeIgniter->handleRequest(null, Object(Config\Cache), false)
13 SYSTEMPATH\Boot.php(417): CodeIgniter\CodeIgniter->run()
14 SYSTEMPATH\Boot.php(68): CodeIgniter\Boot::runCodeIgniter(Object(CodeIgniter\CodeIgniter))
15 FCPATH\index.php(59): CodeIgniter\Boot::bootWeb(Object(Config\Paths))
16 SYSTEMPATH\rewrite.php(44): require_once('E:\\FrontEndTest\\public\\index.php')
CRITICAL - 2026-04-18 08:21:06 --> ErrorException: Allowed memory size of 134217728 bytes exhausted (tried to allocate 16384 bytes)
[Method: GET, Route: /]
in SYSTEMPATH\View\View.php on line 429.
 1 [internal function]: CodeIgniter\Debug\Exceptions->shutdownHandler()
